<?xml version="1.0" encoding="UTF-8" ?>
<testsuite tests="20" failures="0" name="Thucydides.jbehave.Openl10nAcceptanceTestSuite" time="235.303" errors="0" skipped="0">
  <properties>
[...]
</properties>
  <testcase classname="java.lang.Object" name="BeforeStories" time="0.015"/>
  <testcase classname="Thucydides.jbehave.PageLoginTest" name="Given Delete all cookies before start testing" time="0.127"/>
  <testcase classname="Thucydides.jbehave.PageLoginTest" name="When the user has opened the Openl10n webpage" time="28.284"/>
  <testcase classname="Thucydides.jbehave.PageLoginTest" name="Then the user enters username 15202184317@qq.com and password 123qwe!@#QWE to Openl10n login page" time="2.177"/>
  <testcase classname="Thucydides.jbehave.PageLoginTest" name="Then click the Login submit button of Openl10n Page" time="21.253"/>
  <testcase classname="Thucydides.jbehave.PageLoginTest" name="Then the Openl10n main page should be displayed" time="0.979"/>
  <testcase classname="Scenario: Start to loin the Openl10n site" name="Scenario: Start to loin the Openl10n site" time="1.167"/>
  <testcase classname="PageLogin.story" name="PageLogin.story" time="1.528"/>
  <testcase classname="Thucydides.jbehave.PageLoginTest" name="Given Delete all cookies before start testing\u200B" time="0"/>
  <testcase classname="Thucydides.jbehave.PageLoginTest" name="When the user has opened the Openl10n webpage\u200B" time="27.083"/>
  <testcase classname="Thucydides.jbehave.PageLoginTest" name="Then the user enters username 15202184317@qq.com and password 123qwe!@#QWE to Openl10n login page\u200B" time="1.796"/>
  <testcase classname="Thucydides.jbehave.PageLoginTest" name="Then click the Login submit button of Openl10n Page\u200B" time="1.223"/>
  <testcase classname="Thucydides.jbehave.PageLoginTest" name="Then the Openl10n main page should be displayed\u200B" time="0.972"/>
  <testcase classname="Thucydides.jbehave.DownloadCSVfile" name="Then select product as \&apos;PPM\&apos;" time="24.455"/>
  <testcase classname="Thucydides.jbehave.DownloadCSVfile" name="Then select version as \&apos;9.50\&apos;" time="23.381"/>
  <testcase classname="Thucydides.jbehave.DownloadCSVfile" name="Then select language as \&apos;Finnish\&apos;" time="23.36"/>
  <testcase classname="Thucydides.jbehave.DownloadCSVfile" name="Then click \&apos;Download\&apos; button" time="51.193"/>
  <testcase classname="Scenario: Download the CSV file for one specific product" name="Scenario: Download the CSV file for one specific product" time="51.201"/>
  <testcase classname="DownloadCSVfile.story" name="DownloadCSVfile.story" time="51.447"/>
  <testcase classname="java.lang.Object" name="AfterStories" time="3.923"/>
</testsuite>