<?xml version="1.0" encoding="UTF-8" ?>
<testsuite tests="12" failures="0" name="Thucydides.jbehave.Openl10nAcceptanceTestSuite" time="123.649" errors="0" skipped="0">
  <properties>
[...]
</properties>
  <testcase classname="java.lang.Object" name="BeforeStories" time="0.021"/>
  <testcase classname="Thucydides.jbehave.DownloadCSVfile" name="Given Delete all cookies before start testing" time="3.975"/>
  <testcase classname="Thucydides.jbehave.DownloadCSVfile" name="When the user has opened the Openl10n webpage" time="18.667"/>
  <testcase classname="Thucydides.jbehave.DownloadCSVfile" name="Then the user enters username 15202184317@qq.com and password 123qwe!@#QWE to Openl10n login page" time="1.928"/>
  <testcase classname="Thucydides.jbehave.DownloadCSVfile" name="Then click the Login submit button of Openl10n Page" time="1.565"/>
  <testcase classname="Thucydides.jbehave.DownloadCSVfile" name="Then the Openl10n main page should be displayed" time="1.065"/>
  <testcase classname="Scenario: |1| Start to login the Openl10n site" name="Scenario: |1| Start to login the Openl10n site" time="1.398"/>
  <testcase classname="Thucydides.jbehave.DownloadCSVfile" name="Then Get values from the parameters" time="22.119"/>
  <testcase classname="Thucydides.jbehave.DownloadCSVfile" name="Then click \&apos;Download\&apos; button" time="51.304"/>
  <testcase classname="Scenario: |2| Download the CSV file for one specific product" name="Scenario: |2| Download the CSV file for one specific product" time="51.632"/>
  <testcase classname="DownloadCSVfile.story" name="DownloadCSVfile.story" time="51.633"/>
  <testcase classname="java.lang.Object" name="AfterStories" time="0.002"/>
</testsuite>